18:26:25 **** Incremental Build of configuration Debug for project AIRPLANE_RC_3000 ****
make -j12 all 
arm-none-eabi-gcc "../Drivers/STM32F4xx_HAL_Driver/Src/stm32f4xx_hal.c" -mcpu=cortex-m4 -std=gnu11 -g3 -DDEBUG -DUSE_HAL_DRIVER -DSTM32F411xE -DSTM32 -DSTM32F4 -DSTM32F411CEUx -c -I"E:/FirmWare Stm32/FirmWare/STM32Cube_FW_F4_V1.28.1/Drivers/CMSIS/Device/ST/STM32F4xx/Include" -I"E:/FirmWare Stm32/FirmWare/STM32Cube_FW_F4_V1.28.1/Drivers/CMSIS/Include" -I../Inc -O0 -ffunction-sections -fdata-sections -Wall -fstack-usage -fcyclomatic-complexity -MMD -MP -MF"Drivers/STM32F4xx_HAL_Driver/Src/stm32f4xx_hal.d" -MT"Drivers/STM32F4xx_HAL_Driver/Src/stm32f4xx_hal.o" --specs=nano.specs -mfpu=fpv4-sp-d16 -mfloat-abi=hard -mthumb -o "Drivers/STM32F4xx_HAL_Driver/Src/stm32f4xx_hal.o"
arm-none-eabi-gcc "../Drivers/STM32F4xx_HAL_Driver/Src/stm32f4xx_hal_cortex.c" -mcpu=cortex-m4 -std=gnu11 -g3 -DDEBUG -DUSE_HAL_DRIVER -DSTM32F411xE -DSTM32 -DSTM32F4 -DSTM32F411CEUx -c -I"E:/FirmWare Stm32/FirmWare/STM32Cube_FW_F4_V1.28.1/Drivers/CMSIS/Device/ST/STM32F4xx/Include" -I"E:/FirmWare Stm32/FirmWare/STM32Cube_FW_F4_V1.28.1/Drivers/CMSIS/Include" -I../Inc -O0 -ffunction-sections -fdata-sections -Wall -fstack-usage -fcyclomatic-complexity -MMD -MP -MF"Drivers/STM32F4xx_HAL_Driver/Src/stm32f4xx_hal_cortex.d" -MT"Drivers/STM32F4xx_HAL_Driver/Src/stm32f4xx_hal_cortex.o" --specs=nano.specs -mfpu=fpv4-sp-d16 -mfloat-abi=hard -mthumb -o "Drivers/STM32F4xx_HAL_Driver/Src/stm32f4xx_hal_cortex.o"
arm-none-eabi-gcc "../Drivers/STM32F4xx_HAL_Driver/Src/stm32f4xx_hal_dma.c" -mcpu=cortex-m4 -std=gnu11 -g3 -DDEBUG -DUSE_HAL_DRIVER -DSTM32F411xE -DSTM32 -DSTM32F4 -DSTM32F411CEUx -c -I"E:/FirmWare Stm32/FirmWare/STM32Cube_FW_F4_V1.28.1/Drivers/CMSIS/Device/ST/STM32F4xx/Include" -I"E:/FirmWare Stm32/FirmWare/STM32Cube_FW_F4_V1.28.1/Drivers/CMSIS/Include" -I../Inc -O0 -ffunction-sections -fdata-sections -Wall -fstack-usage -fcyclomatic-complexity -MMD -MP -MF"Drivers/STM32F4xx_HAL_Driver/Src/stm32f4xx_hal_dma.d" -MT"Drivers/STM32F4xx_HAL_Driver/Src/stm32f4xx_hal_dma.o" --specs=nano.specs -mfpu=fpv4-sp-d16 -mfloat-abi=hard -mthumb -o "Drivers/STM32F4xx_HAL_Driver/Src/stm32f4xx_hal_dma.o"
arm-none-eabi-gcc "../Drivers/STM32F4xx_HAL_Driver/Src/stm32f4xx_hal_dma_ex.c" -mcpu=cortex-m4 -std=gnu11 -g3 -DDEBUG -DUSE_HAL_DRIVER -DSTM32F411xE -DSTM32 -DSTM32F4 -DSTM32F411CEUx -c -I"E:/FirmWare Stm32/FirmWare/STM32Cube_FW_F4_V1.28.1/Drivers/CMSIS/Device/ST/STM32F4xx/Include" -I"E:/FirmWare Stm32/FirmWare/STM32Cube_FW_F4_V1.28.1/Drivers/CMSIS/Include" -I../Inc -O0 -ffunction-sections -fdata-sections -Wall -fstack-usage -fcyclomatic-complexity -MMD -MP -MF"Drivers/STM32F4xx_HAL_Driver/Src/stm32f4xx_hal_dma_ex.d" -MT"Drivers/STM32F4xx_HAL_Driver/Src/stm32f4xx_hal_dma_ex.o" --specs=nano.specs -mfpu=fpv4-sp-d16 -mfloat-abi=hard -mthumb -o "Drivers/STM32F4xx_HAL_Driver/Src/stm32f4xx_hal_dma_ex.o"
arm-none-eabi-gcc "../Drivers/STM32F4xx_HAL_Driver/Src/stm32f4xx_hal_exti.c" -mcpu=cortex-m4 -std=gnu11 -g3 -DDEBUG -DUSE_HAL_DRIVER -DSTM32F411xE -DSTM32 -DSTM32F4 -DSTM32F411CEUx -c -I"E:/FirmWare Stm32/FirmWare/STM32Cube_FW_F4_V1.28.1/Drivers/CMSIS/Device/ST/STM32F4xx/Include" -I"E:/FirmWare Stm32/FirmWare/STM32Cube_FW_F4_V1.28.1/Drivers/CMSIS/Include" -I../Inc -O0 -ffunction-sections -fdata-sections -Wall -fstack-usage -fcyclomatic-complexity -MMD -MP -MF"Drivers/STM32F4xx_HAL_Driver/Src/stm32f4xx_hal_exti.d" -MT"Drivers/STM32F4xx_HAL_Driver/Src/stm32f4xx_hal_exti.o" --specs=nano.specs -mfpu=fpv4-sp-d16 -mfloat-abi=hard -mthumb -o "Drivers/STM32F4xx_HAL_Driver/Src/stm32f4xx_hal_exti.o"
arm-none-eabi-gcc "../Drivers/STM32F4xx_HAL_Driver/Src/stm32f4xx_hal_flash.c" -mcpu=cortex-m4 -std=gnu11 -g3 -DDEBUG -DUSE_HAL_DRIVER -DSTM32F411xE -DSTM32 -DSTM32F4 -DSTM32F411CEUx -c -I"E:/FirmWare Stm32/FirmWare/STM32Cube_FW_F4_V1.28.1/Drivers/CMSIS/Device/ST/STM32F4xx/Include" -I"E:/FirmWare Stm32/FirmWare/STM32Cube_FW_F4_V1.28.1/Drivers/CMSIS/Include" -I../Inc -O0 -ffunction-sections -fdata-sections -Wall -fstack-usage -fcyclomatic-complexity -MMD -MP -MF"Drivers/STM32F4xx_HAL_Driver/Src/stm32f4xx_hal_flash.d" -MT"Drivers/STM32F4xx_HAL_Driver/Src/stm32f4xx_hal_flash.o" --specs=nano.specs -mfpu=fpv4-sp-d16 -mfloat-abi=hard -mthumb -o "Drivers/STM32F4xx_HAL_Driver/Src/stm32f4xx_hal_flash.o"
arm-none-eabi-gcc "../Drivers/STM32F4xx_HAL_Driver/Src/stm32f4xx_hal_flash_ex.c" -mcpu=cortex-m4 -std=gnu11 -g3 -DDEBUG -DUSE_HAL_DRIVER -DSTM32F411xE -DSTM32 -DSTM32F4 -DSTM32F411CEUx -c -I"E:/FirmWare Stm32/FirmWare/STM32Cube_FW_F4_V1.28.1/Drivers/CMSIS/Device/ST/STM32F4xx/Include" -I"E:/FirmWare Stm32/FirmWare/STM32Cube_FW_F4_V1.28.1/Drivers/CMSIS/Include" -I../Inc -O0 -ffunction-sections -fdata-sections -Wall -fstack-usage -fcyclomatic-complexity -MMD -MP -MF"Drivers/STM32F4xx_HAL_Driver/Src/stm32f4xx_hal_flash_ex.d" -MT"Drivers/STM32F4xx_HAL_Driver/Src/stm32f4xx_hal_flash_ex.o" --specs=nano.specs -mfpu=fpv4-sp-d16 -mfloat-abi=hard -mthumb -o "Drivers/STM32F4xx_HAL_Driver/Src/stm32f4xx_hal_flash_ex.o"
arm-none-eabi-gcc "../Drivers/STM32F4xx_HAL_Driver/Src/stm32f4xx_hal_flash_ramfunc.c" -mcpu=cortex-m4 -std=gnu11 -g3 -DDEBUG -DUSE_HAL_DRIVER -DSTM32F411xE -DSTM32 -DSTM32F4 -DSTM32F411CEUx -c -I"E:/FirmWare Stm32/FirmWare/STM32Cube_FW_F4_V1.28.1/Drivers/CMSIS/Device/ST/STM32F4xx/Include" -I"E:/FirmWare Stm32/FirmWare/STM32Cube_FW_F4_V1.28.1/Drivers/CMSIS/Include" -I../Inc -O0 -ffunction-sections -fdata-sections -Wall -fstack-usage -fcyclomatic-complexity -MMD -MP -MF"Drivers/STM32F4xx_HAL_Driver/Src/stm32f4xx_hal_flash_ramfunc.d" -MT"Drivers/STM32F4xx_HAL_Driver/Src/stm32f4xx_hal_flash_ramfunc.o" --specs=nano.specs -mfpu=fpv4-sp-d16 -mfloat-abi=hard -mthumb -o "Drivers/STM32F4xx_HAL_Driver/Src/stm32f4xx_hal_flash_ramfunc.o"
arm-none-eabi-gcc "../Drivers/STM32F4xx_HAL_Driver/Src/stm32f4xx_hal_gpio.c" -mcpu=cortex-m4 -std=gnu11 -g3 -DDEBUG -DUSE_HAL_DRIVER -DSTM32F411xE -DSTM32 -DSTM32F4 -DSTM32F411CEUx -c -I"E:/FirmWare Stm32/FirmWare/STM32Cube_FW_F4_V1.28.1/Drivers/CMSIS/Device/ST/STM32F4xx/Include" -I"E:/FirmWare Stm32/FirmWare/STM32Cube_FW_F4_V1.28.1/Drivers/CMSIS/Include" -I../Inc -O0 -ffunction-sections -fdata-sections -Wall -fstack-usage -fcyclomatic-complexity -MMD -MP -MF"Drivers/STM32F4xx_HAL_Driver/Src/stm32f4xx_hal_gpio.d" -MT"Drivers/STM32F4xx_HAL_Driver/Src/stm32f4xx_hal_gpio.o" --specs=nano.specs -mfpu=fpv4-sp-d16 -mfloat-abi=hard -mthumb -o "Drivers/STM32F4xx_HAL_Driver/Src/stm32f4xx_hal_gpio.o"
arm-none-eabi-gcc "../Drivers/STM32F4xx_HAL_Driver/Src/stm32f4xx_hal_pwr.c" -mcpu=cortex-m4 -std=gnu11 -g3 -DDEBUG -DUSE_HAL_DRIVER -DSTM32F411xE -DSTM32 -DSTM32F4 -DSTM32F411CEUx -c -I"E:/FirmWare Stm32/FirmWare/STM32Cube_FW_F4_V1.28.1/Drivers/CMSIS/Device/ST/STM32F4xx/Include" -I"E:/FirmWare Stm32/FirmWare/STM32Cube_FW_F4_V1.28.1/Drivers/CMSIS/Include" -I../Inc -O0 -ffunction-sections -fdata-sections -Wall -fstack-usage -fcyclomatic-complexity -MMD -MP -MF"Drivers/STM32F4xx_HAL_Driver/Src/stm32f4xx_hal_pwr.d" -MT"Drivers/STM32F4xx_HAL_Driver/Src/stm32f4xx_hal_pwr.o" --specs=nano.specs -mfpu=fpv4-sp-d16 -mfloat-abi=hard -mthumb -o "Drivers/STM32F4xx_HAL_Driver/Src/stm32f4xx_hal_pwr.o"
arm-none-eabi-gcc "../Drivers/STM32F4xx_HAL_Driver/Src/stm32f4xx_hal_pwr_ex.c" -mcpu=cortex-m4 -std=gnu11 -g3 -DDEBUG -DUSE_HAL_DRIVER -DSTM32F411xE -DSTM32 -DSTM32F4 -DSTM32F411CEUx -c -I"E:/FirmWare Stm32/FirmWare/STM32Cube_FW_F4_V1.28.1/Drivers/CMSIS/Device/ST/STM32F4xx/Include" -I"E:/FirmWare Stm32/FirmWare/STM32Cube_FW_F4_V1.28.1/Drivers/CMSIS/Include" -I../Inc -O0 -ffunction-sections -fdata-sections -Wall -fstack-usage -fcyclomatic-complexity -MMD -MP -MF"Drivers/STM32F4xx_HAL_Driver/Src/stm32f4xx_hal_pwr_ex.d" -MT"Drivers/STM32F4xx_HAL_Driver/Src/stm32f4xx_hal_pwr_ex.o" --specs=nano.specs -mfpu=fpv4-sp-d16 -mfloat-abi=hard -mthumb -o "Drivers/STM32F4xx_HAL_Driver/Src/stm32f4xx_hal_pwr_ex.o"
../Drivers/STM32F4xx_HAL_Driver/Src/stm32f4xx_hal.c:36:10: fatal error: stm32f4xx_hal.h: No such file or directory
   36 | #include "stm32f4xx_hal.h"
      |          ^~~~~~~~~~~~~~~~~
compilation terminated.
arm-none-eabi-gcc "../Drivers/STM32F4xx_HAL_Driver/Src/stm32f4xx_hal_rcc.c" -mcpu=cortex-m4 -std=gnu11 -g3 -DDEBUG -DUSE_HAL_DRIVER -DSTM32F411xE -DSTM32 -DSTM32F4 -DSTM32F411CEUx -c -I"E:/FirmWare Stm32/FirmWare/STM32Cube_FW_F4_V1.28.1/Drivers/CMSIS/Device/ST/STM32F4xx/Include" -I"E:/FirmWare Stm32/FirmWare/STM32Cube_FW_F4_V1.28.1/Drivers/CMSIS/Include" -I../Inc -O0 -ffunction-sections -fdata-sections -Wall -fstack-usage -fcyclomatic-complexity -MMD -MP -MF"Drivers/STM32F4xx_HAL_Driver/Src/stm32f4xx_hal_rcc.d" -MT"Drivers/STM32F4xx_HAL_Driver/Src/stm32f4xx_hal_rcc.o" --specs=nano.specs -mfpu=fpv4-sp-d16 -mfloat-abi=hard -mthumb -o "Drivers/STM32F4xx_HAL_Driver/Src/stm32f4xx_hal_rcc.o"
../Drivers/STM32F4xx_HAL_Driver/Src/stm32f4xx_hal_cortex.c:81:10: fatal error: stm32f4xx_hal.h: No such file or directory
   81 | #include "stm32f4xx_hal.h"
      |          ^~~~~~~~~~~~~~~~~
compilation terminated.
../Drivers/STM32F4xx_HAL_Driver/Src/stm32f4xx_hal_dma.c:97:10: fatal error: stm32f4xx_hal.h: No such file or directory
   97 | #include "stm32f4xx_hal.h"
      |          ^~~~~~~~~~~~~~~~~
compilation terminated.
make: *** [Drivers/STM32F4xx_HAL_Driver/Src/subdir.mk:55: Drivers/STM32F4xx_HAL_Driver/Src/stm32f4xx_hal.o] Error 1
make: *** Waiting for unfinished jobs....
../Drivers/STM32F4xx_HAL_Driver/Src/stm32f4xx_hal_dma_ex.c:39:10: fatal error: stm32f4xx_hal.h: No such file or directory
   39 | #include "stm32f4xx_hal.h"
      |          ^~~~~~~~~~~~~~~~~
compilation terminated.
../Drivers/STM32F4xx_HAL_Driver/Src/stm32f4xx_hal_exti.c:86:10: fatal error: stm32f4xx_hal.h: No such file or directory
   86 | #include "stm32f4xx_hal.h"
      |          ^~~~~~~~~~~~~~~~~
compilation terminated.
../Drivers/STM32F4xx_HAL_Driver/Src/stm32f4xx_hal_flash_ramfunc.c:47:10: fatal error: stm32f4xx_hal.h: No such file or directory
   47 | #include "stm32f4xx_hal.h"
      |          ^~~~~~~~~~~~~~~~~
compilation terminated.
../Drivers/STM32F4xx_HAL_Driver/Src/stm32f4xx_hal_flash.c:76:10: fatal error: stm32f4xx_hal.h: No such file or directory
   76 | #include "stm32f4xx_hal.h"
      |          ^~~~~~~~~~~~~~~~~
../Drivers/STM32F4xx_HAL_Driver/Src/stm32f4xx_hal_flash_ex.c:62:10: fatal error: stm32f4xx_hal.h: No such file or directory
   62 | #include "stm32f4xx_hal.h"
      |          ^~~~~~~~~~~~~~~~~
compilation terminated.
compilation terminated.
../Drivers/STM32F4xx_HAL_Driver/Src/stm32f4xx_hal_gpio.c:108:10: fatal error: stm32f4xx_hal.h: No such file or directory
  108 | #include "stm32f4xx_hal.h"
      |          ^~~~~~~~~~~~~~~~~
compilation terminated.
../Drivers/STM32F4xx_HAL_Driver/Src/stm32f4xx_hal_pwr.c:24:10: fatal error: stm32f4xx_hal.h: No such file or directory
   24 | #include "stm32f4xx_hal.h"
      |          ^~~~~~~~~~~~~~~~~
compilation terminated.
../Drivers/STM32F4xx_HAL_Driver/Src/stm32f4xx_hal_pwr_ex.c:23:10: fatal error: stm32f4xx_hal.h: No such file or directory
   23 | #include "stm32f4xx_hal.h"
      |          ^~~~~~~~~~~~~~~~~
../Drivers/STM32F4xx_HAL_Driver/Src/stm32f4xx_hal_rcc.c:67:10: fatal error: stm32f4xx_hal.h: No such file or directory
   67 | #include "stm32f4xx_hal.h"
      |          ^~~~~~~~~~~~~~~~~
compilation terminated.
compilation terminated.
make: *** [Drivers/STM32F4xx_HAL_Driver/Src/subdir.mk:55: Drivers/STM32F4xx_HAL_Driver/Src/stm32f4xx_hal_cortex.o] Error 1
make: *** [Drivers/STM32F4xx_HAL_Driver/Src/subdir.mk:55: Drivers/STM32F4xx_HAL_Driver/Src/stm32f4xx_hal_dma.o] Error 1
make: *** [Drivers/STM32F4xx_HAL_Driver/Src/subdir.mk:55: Drivers/STM32F4xx_HAL_Driver/Src/stm32f4xx_hal_rcc.o] Error 1
make: *** [Drivers/STM32F4xx_HAL_Driver/Src/subdir.mk:55: Drivers/STM32F4xx_HAL_Driver/Src/stm32f4xx_hal_exti.o] Error 1
make: *** [Drivers/STM32F4xx_HAL_Driver/Src/subdir.mk:55: Drivers/STM32F4xx_HAL_Driver/Src/stm32f4xx_hal_dma_ex.o] Error 1
make: *** [Drivers/STM32F4xx_HAL_Driver/Src/subdir.mk:55: Drivers/STM32F4xx_HAL_Driver/Src/stm32f4xx_hal_flash.o] Error 1
make: *** [Drivers/STM32F4xx_HAL_Driver/Src/subdir.mk:55: Drivers/STM32F4xx_HAL_Driver/Src/stm32f4xx_hal_flash_ex.o] Error 1
make: *** [Drivers/STM32F4xx_HAL_Driver/Src/subdir.mk:55: Drivers/STM32F4xx_HAL_Driver/Src/stm32f4xx_hal_flash_ramfunc.o] Error 1
make: *** [Drivers/STM32F4xx_HAL_Driver/Src/subdir.mk:55: Drivers/STM32F4xx_HAL_Driver/Src/stm32f4xx_hal_gpio.o] Error 1
make: *** [Drivers/STM32F4xx_HAL_Driver/Src/subdir.mk:55: Drivers/STM32F4xx_HAL_Driver/Src/stm32f4xx_hal_pwr.o] Error 1
make: *** [Drivers/STM32F4xx_HAL_Driver/Src/subdir.mk:55: Drivers/STM32F4xx_HAL_Driver/Src/stm32f4xx_hal_pwr_ex.o] Error 1
"make -j12 all" terminated with exit code 2. Build might be incomplete.

18:26:25 Build Failed. 25 errors, 0 warnings. (took 404ms)

